<?xml version="1.0" encoding="UTF-8"?>
<testng-results skipped="0" failed="0" ignored="0" total="1" passed="1">
  <reporter-output>
  </reporter-output>
  <suite name="Default suite" duration-ms="3439" started-at="2020-03-10T10:35:56 PDT" finished-at="2020-03-10T10:36:00 PDT">
    <groups>
    </groups>
    <test name="Default test" duration-ms="3439" started-at="2020-03-10T10:35:56 PDT" finished-at="2020-03-10T10:36:00 PDT">
      <class name="com.opr.pratice.basicRestAPI.RestApiPratice2">
        <test-method status="PASS" signature="testExtractDetailsUsingResponse()[pri:0, instance:com.opr.pratice.basicRestAPI.RestApiPratice2@578486a3]" name="testExtractDetailsUsingResponse" duration-ms="3372" started-at="2020-03-10T10:35:57 PDT" finished-at="2020-03-10T10:36:00 PDT">
          <reporter-output>
          </reporter-output>
        </test-method> <!-- testExtractDetailsUsingResponse -->
      </class> <!-- com.opr.pratice.basicRestAPI.RestApiPratice2 -->
    </test> <!-- Default test -->
  </suite> <!-- Default suite -->
</testng-results>
